-------------------------------------------------------------------------------
Test set: com.lti.training.microuser.MicroUserApplicationTests
-------------------------------------------------------------------------------
Tests run: 1, Failures: 0, Errors: 1, Skipped: 0, Time elapsed: 2.16 s <<< FAILURE! - in com.lti.training.microuser.MicroUserApplicationTests
com.lti.training.microuser.MicroUserApplicationTests  Time elapsed: 2.156 s  <<< ERROR!
java.lang.IllegalStateException: Unable to find a @SpringBootConfiguration, you need to use @ContextConfiguration or @SpringBootTest(classes=...) with your test

