<?xml version="1.0" encoding="UTF-8"?>
<testsuite xmlns:xsi="http://www.w3.org/2001/XMLSchema-instance" xsi:noNamespaceSchemaLocation="https://maven.apache.org/surefire/maven-surefire-plugin/xsd/surefire-test-report.xsd" name="com.lti.training.microuser.MicroUserApplicationTests" time="2.16" tests="1" errors="1" skipped="0" failures="0">
  <properties>
[...]
</properties>
  <testcase name="com.lti.training.microuser.MicroUserApplicationTests" classname="com.lti.training.microuser.MicroUserApplicationTests" time="2.156">
    <error message="Unable to find a @SpringBootConfiguration, you need to use @ContextConfiguration or @SpringBootTest(classes=...) with your test" type="java.lang.IllegalStateException">java.lang.IllegalStateException: Unable to find a @SpringBootConfiguration, you need to use @ContextConfiguration or @SpringBootTest(classes=...) with your test
</error>
    <system-out><![CDATA[14:45:19.108 [main] DEBUG org.springframework.test.context.BootstrapUtils - Instantiating CacheAwareContextLoaderDelegate from class [org.springframework.test.context.cache.DefaultCacheAwareContextLoaderDelegate]
14:45:19.226 [main] DEBUG org.springframework.test.context.BootstrapUtils - Instantiating BootstrapContext using constructor [public org.springframework.test.context.support.DefaultBootstrapContext(java.lang.Class,org.springframework.test.context.CacheAwareContextLoaderDelegate)]
14:45:19.386 [main] DEBUG org.springframework.test.context.BootstrapUtils - Instantiating TestContextBootstrapper for test class [com.lti.training.microuser.MicroUserApplicationTests] from class [org.springframework.boot.test.context.SpringBootTestContextBootstrapper]
14:45:19.490 [main] INFO org.springframework.boot.test.context.SpringBootTestContextBootstrapper - Neither @ContextConfiguration nor @ContextHierarchy found for test class [com.lti.training.microuser.MicroUserApplicationTests], using SpringBootContextLoader
14:45:19.513 [main] DEBUG org.springframework.test.context.support.AbstractContextLoader - Did not detect default resource location for test class [com.lti.training.microuser.MicroUserApplicationTests]: class path resource [com/lti/training/microuser/MicroUserApplicationTests-context.xml] does not exist
14:45:19.518 [main] DEBUG org.springframework.test.context.support.AbstractContextLoader - Did not detect default resource location for test class [com.lti.training.microuser.MicroUserApplicationTests]: class path resource [com/lti/training/microuser/MicroUserApplicationTestsContext.groovy] does not exist
14:45:19.519 [main] INFO org.springframework.test.context.support.AbstractContextLoader - Could not detect default resource locations for test class [com.lti.training.microuser.MicroUserApplicationTests]: no resource found for suffixes {-context.xml, Context.groovy}.
14:45:19.523 [main] INFO org.springframework.test.context.support.AnnotationConfigContextLoaderUtils - Could not detect default configuration classes for test class [com.lti.training.microuser.MicroUserApplicationTests]: MicroUserApplicationTests does not declare any static, non-private, non-final, nested classes annotated with @Configuration.
14:45:19.776 [main] DEBUG org.springframework.test.context.support.ActiveProfilesUtils - Could not find an 'annotation declaring class' for annotation type [org.springframework.test.context.ActiveProfiles] and class [com.lti.training.microuser.MicroUserApplicationTests]
14:45:20.280 [main] DEBUG org.springframework.test.context.BootstrapUtils - Instantiating CacheAwareContextLoaderDelegate from class [org.springframework.test.context.cache.DefaultCacheAwareContextLoaderDelegate]
14:45:20.280 [main] DEBUG org.springframework.test.context.BootstrapUtils - Instantiating BootstrapContext using constructor [public org.springframework.test.context.support.DefaultBootstrapContext(java.lang.Class,org.springframework.test.context.CacheAwareContextLoaderDelegate)]
14:45:20.283 [main] DEBUG org.springframework.test.context.BootstrapUtils - Instantiating TestContextBootstrapper for test class [com.lti.training.microuser.MicroUserApplicationTests] from class [org.springframework.boot.test.context.SpringBootTestContextBootstrapper]
14:45:20.293 [main] INFO org.springframework.boot.test.context.SpringBootTestContextBootstrapper - Neither @ContextConfiguration nor @ContextHierarchy found for test class [com.lti.training.microuser.MicroUserApplicationTests], using SpringBootContextLoader
14:45:20.294 [main] DEBUG org.springframework.test.context.support.AbstractContextLoader - Did not detect default resource location for test class [com.lti.training.microuser.MicroUserApplicationTests]: class path resource [com/lti/training/microuser/MicroUserApplicationTests-context.xml] does not exist
14:45:20.295 [main] DEBUG org.springframework.test.context.support.AbstractContextLoader - Did not detect default resource location for test class [com.lti.training.microuser.MicroUserApplicationTests]: class path resource [com/lti/training/microuser/MicroUserApplicationTestsContext.groovy] does not exist
14:45:20.296 [main] INFO org.springframework.test.context.support.AbstractContextLoader - Could not detect default resource locations for test class [com.lti.training.microuser.MicroUserApplicationTests]: no resource found for suffixes {-context.xml, Context.groovy}.
14:45:20.296 [main] INFO org.springframework.test.context.support.AnnotationConfigContextLoaderUtils - Could not detect default configuration classes for test class [com.lti.training.microuser.MicroUserApplicationTests]: MicroUserApplicationTests does not declare any static, non-private, non-final, nested classes annotated with @Configuration.
14:45:20.310 [main] DEBUG org.springframework.test.context.support.ActiveProfilesUtils - Could not find an 'annotation declaring class' for annotation type [org.springframework.test.context.ActiveProfiles] and class [com.lti.training.microuser.MicroUserApplicationTests]
14:45:20.469 [main] DEBUG org.springframework.test.context.BootstrapUtils - Instantiating CacheAwareContextLoaderDelegate from class [org.springframework.test.context.cache.DefaultCacheAwareContextLoaderDelegate]
14:45:20.469 [main] DEBUG org.springframework.test.context.BootstrapUtils - Instantiating BootstrapContext using constructor [public org.springframework.test.context.support.DefaultBootstrapContext(java.lang.Class,org.springframework.test.context.CacheAwareContextLoaderDelegate)]
14:45:20.470 [main] DEBUG org.springframework.test.context.BootstrapUtils - Instantiating TestContextBootstrapper for test class [com.lti.training.microuser.MicroUserApplicationTests] from class [org.springframework.boot.test.context.SpringBootTestContextBootstrapper]
14:45:20.476 [main] INFO org.springframework.boot.test.context.SpringBootTestContextBootstrapper - Neither @ContextConfiguration nor @ContextHierarchy found for test class [com.lti.training.microuser.MicroUserApplicationTests], using SpringBootContextLoader
14:45:20.478 [main] DEBUG org.springframework.test.context.support.AbstractContextLoader - Did not detect default resource location for test class [com.lti.training.microuser.MicroUserApplicationTests]: class path resource [com/lti/training/microuser/MicroUserApplicationTests-context.xml] does not exist
14:45:20.481 [main] DEBUG org.springframework.test.context.support.AbstractContextLoader - Did not detect default resource location for test class [com.lti.training.microuser.MicroUserApplicationTests]: class path resource [com/lti/training/microuser/MicroUserApplicationTestsContext.groovy] does not exist
14:45:20.482 [main] INFO org.springframework.test.context.support.AbstractContextLoader - Could not detect default resource locations for test class [com.lti.training.microuser.MicroUserApplicationTests]: no resource found for suffixes {-context.xml, Context.groovy}.
14:45:20.483 [main] INFO org.springframework.test.context.support.AnnotationConfigContextLoaderUtils - Could not detect default configuration classes for test class [com.lti.training.microuser.MicroUserApplicationTests]: MicroUserApplicationTests does not declare any static, non-private, non-final, nested classes annotated with @Configuration.
14:45:20.487 [main] DEBUG org.springframework.test.context.support.ActiveProfilesUtils - Could not find an 'annotation declaring class' for annotation type [org.springframework.test.context.ActiveProfiles] and class [com.lti.training.microuser.MicroUserApplicationTests]
]]></system-out>
  </testcase>
</testsuite>